<?xml version="1.0" encoding="UTF-8"?>
<testng-results skipped="0" failed="0" ignored="0" total="1" passed="1">
  <reporter-output>
  </reporter-output>
  <suite name="Surefire suite" duration-ms="32" started-at="2022-03-15T11:59:19 UTC" finished-at="2022-03-15T11:59:19 UTC">
    <groups>
    </groups>
    <test name="Surefire test" duration-ms="32" started-at="2022-03-15T11:59:19 UTC" finished-at="2022-03-15T11:59:19 UTC">
      <class name="org.bugInspector.javaInspector.WindowTest">
        <test-method status="PASS" signature="testT()[pri:0, instance:org.bugInspector.javaInspector.WindowTest@dc24521]" name="testT" duration-ms="3" started-at="2022-03-15T11:59:19 UTC" finished-at="2022-03-15T11:59:19 UTC">
          <reporter-output>
          </reporter-output>
        </test-method> <!-- testT -->
      </class> <!-- org.bugInspector.javaInspector.WindowTest -->
    </test> <!-- Surefire test -->
  </suite> <!-- Surefire suite -->
</testng-results>
